[2025-06-04T11:02:33.590Z] error: Error in /controller/doctor/updateDoctor: code is not defined. SQL query: CALL UpdateDoctor(?, ?, ?, ?, ?, ?, ?)
[2025-06-04T11:05:25.779Z] error: Error in /controller/doctor/updateDoctor: code is not defined. SQL query: CALL UpdateDoctor(?, ?, ?, ?, ?, ?, ?)
[2025-06-04T12:18:28.778Z] error: error in index/addTextOnImage
[2025-06-04T12:19:35.809Z] error: error in index/addTextOnImage
[2025-06-04T12:20:59.930Z] error: error in index/addTextOnImage
[2025-06-04T12:20:59.949Z] error: error in index/addposter
[2025-06-04T12:22:06.727Z] error: error in index/addposter
[2025-06-04T12:23:39.349Z] error: error in index/addposter3
[2025-06-04T12:26:17.009Z] error: error in index/addposter3
[2025-06-05T08:37:54.275Z] error: Unknown column 'camp_date' in 'where clause'
[2025-06-05T08:41:03.284Z] error: Table 'mankindnewdb.user_mst1' doesn't exist
[2025-06-05T10:13:47.375Z] error: Error in /controller/report/addPatients: Unknown column 'created_by' in 'field list'
[2025-06-05T10:53:48.158Z] error: Error in /controller/report/updatePatients: PROCEDURE mankindnewdb.UpdatePatients does not exist
[2025-06-05T12:18:23.705Z] error: Unknown column 'modified_by' in 'field list'
[2025-06-05T13:23:42.042Z] error: Error in /controller/report/getImages: You have an error in your SQL syntax; check the manual that corresponds to your MariaDB server version for the right syntax to use near 'from camp_report_img_mst where crid = 1 and camp_report_img_mst.status = "Y"' at line 1
[2025-06-05T13:53:57.707Z] error: Error in /controller/report/getAllCampReport: You have an error in your SQL syntax; check the manual that corresponds to your MariaDB server version for the right syntax to use near 'FROM camp_report_mst
    WHERE user_id = NULL AND subcat_id = 3 order by camp...' at line 2
[2025-06-05T13:54:37.891Z] error: Error in /controller/report/getAllCampReport: You have an error in your SQL syntax; check the manual that corresponds to your MariaDB server version for the right syntax to use near 'FROM camp_report_mst
    WHERE user_id = 1 AND subcat_id = 3 order by camp_re...' at line 2
[2025-06-06T04:57:46.391Z] error: Column 'subcat_id' in where clause is ambiguous
[2025-06-06T05:19:08.734Z] error: Unknown column 'question_camp_rep_mapping' in 'where clause'
[2025-06-06T11:24:36.111Z] error: error in index/addposter3 Illegal mix of collations (utf8mb4_general_ci,IMPLICIT) and (utf8mb4_0900_ai_ci,IMPLICIT) for operation '='
[2025-06-06T11:32:03.076Z] error: error in index/addposter3 Illegal mix of collations (utf8mb4_general_ci,IMPLICIT) and (utf8mb4_0900_ai_ci,IMPLICIT) for operation '='
[2025-06-06T11:40:42.096Z] error: error in index/addposter3 Illegal mix of collations (utf8mb4_general_ci,IMPLICIT) and (utf8mb4_0900_ai_ci,IMPLICIT) for operation '='
[2025-06-06T11:41:23.160Z] error: error in index/addposter3 Illegal mix of collations (utf8mb4_general_ci,IMPLICIT) and (utf8mb4_0900_ai_ci,IMPLICIT) for operation '='
[2025-06-06T11:46:10.003Z] error: error in index/addposter3 Illegal mix of collations (utf8mb4_general_ci,IMPLICIT) and (utf8mb4_0900_ai_ci,IMPLICIT) for operation '='
[2025-06-06T11:49:55.826Z] error: error in index/addposter3 Illegal mix of collations (utf8mb4_general_ci,IMPLICIT) and (utf8mb4_0900_ai_ci,IMPLICIT) for operation '='
[2025-06-06T11:50:32.432Z] error: error in index/addposter3 Illegal mix of collations (utf8mb4_general_ci,IMPLICIT) and (utf8mb4_0900_ai_ci,IMPLICIT) for operation '='
[2025-06-07T11:58:29.113Z] error: error in index/addposter3 Illegal mix of collations (utf8mb4_general_ci,IMPLICIT) and (utf8mb4_0900_ai_ci,IMPLICIT) for operation '='
[2025-06-07T11:58:37.044Z] error: error in index/addposter3 Illegal mix of collations (utf8mb4_general_ci,IMPLICIT) and (utf8mb4_0900_ai_ci,IMPLICIT) for operation '='
[2025-06-07T12:12:09.876Z] error: error in index/addposter3 Illegal mix of collations (utf8mb4_general_ci,IMPLICIT) and (utf8mb4_0900_ai_ci,IMPLICIT) for operation '='
[2025-06-07T12:13:35.300Z] error: error in index/addposter3 Illegal mix of collations (utf8mb4_general_ci,IMPLICIT) and (utf8mb4_0900_ai_ci,IMPLICIT) for operation '='
[2025-06-12T08:11:27.293Z] error: Error in /controller/report/addPatients: Column 'crid' cannot be null
[2025-06-13T11:00:43.248Z] error: error in index/addTextOnImage
[2025-06-13T11:01:41.639Z] error: error in index/addTextOnImage
[2025-06-13T11:03:47.567Z] error: error in index/addTextOnImage
[2025-06-13T11:04:58.611Z] error: error in index/addTextOnImage
[2025-06-13T11:07:03.171Z] error: error in index/addTextOnImage
[2025-06-14T09:28:52.824Z] error: error in index/addTextOnImage
[2025-06-14T09:28:52.838Z] error: error in index/addposter3 Column 'poster_name' cannot be null
[2025-06-14T09:36:06.437Z] error: error in index/addTextOnImage
[2025-06-14T09:36:06.448Z] error: error in index/addposter3 Column 'poster_name' cannot be null
[2025-06-14T09:40:12.992Z] error: error in index/addTextOnImage
[2025-06-14T09:40:13.003Z] error: error in index/addposter3 Column 'poster_name' cannot be null
[2025-06-14T09:41:11.332Z] error: error in index/addTextOnImage
[2025-06-14T09:41:11.342Z] error: error in index/addposter3 Column 'poster_name' cannot be null
[2025-06-14T09:44:49.968Z] error: error in index/addTextOnImage
[2025-06-14T09:44:49.974Z] error: error in index/addposter3 Column 'poster_name' cannot be null
[2025-06-14T11:03:12.388Z] error: error in index/addTextOnImage
[2025-06-14T11:03:14.752Z] error: error in index/addTextOnImage
[2025-06-14T11:03:19.548Z] error: error in index/addTextOnImage
[2025-06-14T11:03:27.753Z] error: error in index/addTextOnImage
[2025-06-14T11:26:46.838Z] error: error in index/addTextOnImage
[2025-06-14T11:27:34.895Z] error: error in index/addTextOnImage
[2025-06-14T11:29:28.522Z] error: error in index/addTextOnImage
[2025-06-14T11:29:46.371Z] error: error in index/addTextOnImage
[2025-06-16T08:58:39.709Z] error: error in index/addTextOnImage
[2025-06-16T09:01:04.952Z] error: Error in /controller/report/addPatients: Column 'created_by' cannot be null
[2025-06-16T09:01:42.508Z] error: Error in /controller/report/addPatients: Column 'created_by' cannot be null
[2025-06-16T09:03:11.995Z] error: Error in /controller/report/addPatients: Column 'created_by' cannot be null
[2025-06-16T09:04:24.213Z] error: Error in /controller/report/addPatients: Column 'created_by' cannot be null
[2025-06-16T10:49:45.568Z] error: Error in /controller/report/addPatients: Column 'created_by' cannot be null
[2025-06-16T10:49:55.913Z] error: Error in /controller/report/addPatients: Column 'created_by' cannot be null
[2025-06-16T10:49:59.727Z] error: Error in /controller/report/addPatients: Column 'created_by' cannot be null
[2025-06-16T10:50:15.028Z] error: Error in /controller/report/addPatients: Column 'created_by' cannot be null
[2025-06-16T10:50:54.780Z] error: Error in /controller/report/addPatients: Column 'created_by' cannot be null
[2025-06-16T10:51:21.736Z] error: Error in /controller/report/addPatients: Column 'created_by' cannot be null
[2025-06-16T10:54:39.576Z] error: Error in /controller/report/addAnswer: You have an error in your SQL syntax; check the manual that corresponds to your MySQL server version for the right syntax to use near '' at line 1
[2025-06-16T11:02:29.011Z] error: Error in /controller/report/addAnswer: You have an error in your SQL syntax; check the manual that corresponds to your MySQL server version for the right syntax to use near '' at line 1
[2025-06-16T13:10:11.272Z] error: error in index/addTextOnImage
[2025-06-16T13:12:07.743Z] error: Error in /controller/report/addPatients: Column 'created_by' cannot be null
[2025-06-16T13:13:25.041Z] error: Error in /controller/report/addPatients: Column 'created_by' cannot be null
[2025-06-16T13:14:20.261Z] error: Error in /controller/report/addPatients: Column 'created_by' cannot be null
[2025-06-16T13:15:24.882Z] error: Error in /controller/report/addPatients: Column 'created_by' cannot be null
[2025-06-18T05:29:40.966Z] error: Error in /controller/report/addPatients: Column 'created_by' cannot be null
[2025-06-18T05:30:39.696Z] error: Error in /controller/report/addPatients: Column 'created_by' cannot be null
[2025-06-18T05:31:35.581Z] error: Error in /controller/report/addPatients: Column 'created_by' cannot be null
[2025-06-18T05:33:09.065Z] error: Error in /controller/report/addPatients: Column 'created_by' cannot be null
[2025-06-18T05:33:45.219Z] error: Error in /controller/report/addPatients: Column 'created_by' cannot be null
[2025-06-18T05:36:25.004Z] error: Error in /controller/report/addPatients: Column 'created_by' cannot be null
[2025-06-18T05:36:27.999Z] error: Error in /controller/report/addPatients: Column 'created_by' cannot be null
[2025-06-18T05:37:11.820Z] error: Error in /controller/report/addPatients: Column 'created_by' cannot be null
[2025-06-18T05:37:59.689Z] error: Error in /controller/report/addPatients: Column 'created_by' cannot be null
[2025-06-18T05:42:43.811Z] error: error in index/addTextOnImage
[2025-06-18T05:42:46.906Z] error: error in index/addTextOnImage
[2025-06-18T06:11:30.318Z] error: error in index/addTextOnImage
[2025-06-19T11:59:38.873Z] error: Error in /controller/report/addAnswer: You have an error in your SQL syntax; check the manual that corresponds to your MySQL server version for the right syntax to use near '' at line 1
[2025-06-23T13:17:34.965Z] error: Error in /controller/report/addPatients: Column 'created_by' cannot be null
[2025-06-23T13:17:44.036Z] error: Error in /controller/report/addPatients: Column 'created_by' cannot be null
[2025-06-23T13:17:45.847Z] error: Error in /controller/report/addPatients: Column 'created_by' cannot be null
[2025-06-23T13:17:47.364Z] error: Error in /controller/report/addPatients: Column 'created_by' cannot be null
[2025-06-23T13:17:52.268Z] error: Error in /controller/report/addPatients: Column 'created_by' cannot be null
[2025-06-23T13:18:29.356Z] error: Error in /controller/report/addPatients: Column 'created_by' cannot be null
[2025-06-23T13:19:24.030Z] error: Error in /controller/report/addPatients: Column 'created_by' cannot be null
[2025-06-23T13:19:25.803Z] error: Error in /controller/report/addPatients: Column 'created_by' cannot be null
[2025-06-23T13:19:27.191Z] error: Error in /controller/report/addPatients: Column 'created_by' cannot be null
[2025-06-23T13:19:58.295Z] error: Error in /controller/report/addPatients: Column 'created_by' cannot be null
[2025-06-23T13:20:34.715Z] error: Error in /controller/report/addPatients: Column 'created_by' cannot be null
[2025-06-23T13:27:33.655Z] error: Error in /controller/report/addPatients: Column 'created_by' cannot be null
[2025-06-23T13:27:35.294Z] error: Error in /controller/report/addPatients: Column 'created_by' cannot be null
[2025-06-23T13:45:24.789Z] error: Error in /controller/report/addPatients: Column 'created_by' cannot be null
[2025-06-23T14:19:55.939Z] error: Error in /controller/report/addPatients: Column 'created_by' cannot be null
[2025-06-23T14:19:57.737Z] error: Error in /controller/report/addPatients: Column 'created_by' cannot be null
[2025-06-23T14:19:58.973Z] error: Error in /controller/report/addPatients: Column 'created_by' cannot be null
[2025-06-23T14:38:57.579Z] error: Error in /controller/report/addPatients: Column 'created_by' cannot be null
[2025-06-23T14:39:00.890Z] error: Error in /controller/report/addPatients: Column 'created_by' cannot be null
[2025-06-23T14:39:05.538Z] error: Error in /controller/report/addPatients: Column 'created_by' cannot be null
[2025-06-23T14:39:53.179Z] error: Error in /controller/report/addPatients: Column 'created_by' cannot be null
[2025-06-23T15:19:58.175Z] error: Error in /controller/report/addPatients: Column 'created_by' cannot be null
[2025-06-23T15:20:06.590Z] error: Error in /controller/report/addPatients: Column 'created_by' cannot be null
[2025-06-24T04:23:02.639Z] error: Error in /controller/report/addPatients: Column 'created_by' cannot be null
[2025-06-24T04:28:48.797Z] error: Error in /controller/report/addPatients: Column 'created_by' cannot be null
[2025-07-02T07:24:19.132Z] error: error in index/addTextOnImage
[2025-07-02T07:25:03.054Z] error: error in index/addTextOnImage
[2025-07-02T07:25:03.066Z] error: error in index/addposter3 Column 'poster_name' cannot be null
[2025-07-02T07:25:06.925Z] error: error in index/addTextOnImage
[2025-07-02T07:25:13.816Z] error: error in index/addTextOnImage
[2025-07-02T07:27:32.995Z] error: error in index/addTextOnImage
[2025-07-02T07:27:39.799Z] error: error in index/addTextOnImage
[2025-07-30T06:41:44.935Z] error: Error in /controller/report/uploadImage: Cannot read properties of undefined (reading 'constructor')
[2025-07-30T09:29:14.556Z] error: Error in /controller/report/addAnswer: Incorrect integer value: '' for column 'answer' at row 3
[2025-07-30T09:30:35.789Z] error: Error in /controller/report/uploadImage: Cannot read properties of undefined (reading 'constructor')
[2025-07-30T09:40:23.987Z] error: Error in /controller/report/getAnswerWithId: Expression #5 of SELECT list is not in GROUP BY clause and contains nonaggregated column 'mankindnewdb.question_camp_rep_mapping.other_brands' which is not functionally dependent on columns in GROUP BY clause; this is incompatible with sql_mode=only_full_group_by
[2025-07-30T09:42:12.489Z] error: Error in /controller/report/uploadImage: Cannot read properties of undefined (reading 'constructor')
[2025-07-30T09:42:20.732Z] error: Error in /controller/report/getAnswerWithId: Expression #5 of SELECT list is not in GROUP BY clause and contains nonaggregated column 'mankindnewdb.question_camp_rep_mapping.other_brands' which is not functionally dependent on columns in GROUP BY clause; this is incompatible with sql_mode=only_full_group_by
[2025-07-30T09:43:58.982Z] error: Error in /controller/report/getAnswerWithId: Expression #5 of SELECT list is not in GROUP BY clause and contains nonaggregated column 'mankindnewdb.question_camp_rep_mapping.other_brands' which is not functionally dependent on columns in GROUP BY clause; this is incompatible with sql_mode=only_full_group_by
[2025-07-30T09:58:20.260Z] error: Error in /controller/report/uploadImage: Cannot read properties of undefined (reading 'constructor')
[2025-08-02T09:37:34.506Z] error: Expression #8 of SELECT list is not in GROUP BY clause and contains nonaggregated column 'subquery.other_brands' which is not functionally dependent on columns in GROUP BY clause; this is incompatible with sql_mode=only_full_group_by
[2025-08-02T09:38:15.633Z] error: Expression #8 of SELECT list is not in GROUP BY clause and contains nonaggregated column 'subquery.other_brands' which is not functionally dependent on columns in GROUP BY clause; this is incompatible with sql_mode=only_full_group_by
[2025-08-02T09:49:54.440Z] error: Expression #8 of SELECT list is not in GROUP BY clause and contains nonaggregated column 'subquery.other_brands' which is not functionally dependent on columns in GROUP BY clause; this is incompatible with sql_mode=only_full_group_by
[2025-08-04T07:36:23.900Z] error: Error in /controller/report/addAnswer: You have an error in your SQL syntax; check the manual that corresponds to your MySQL server version for the right syntax to use near '' at line 1
